running egg_info
writing ../../build/py_gpsnode/py_gpsnode.egg-info/PKG-INFO
writing dependency_links to ../../build/py_gpsnode/py_gpsnode.egg-info/dependency_links.txt
writing entry points to ../../build/py_gpsnode/py_gpsnode.egg-info/entry_points.txt
writing requirements to ../../build/py_gpsnode/py_gpsnode.egg-info/requires.txt
writing top-level names to ../../build/py_gpsnode/py_gpsnode.egg-info/top_level.txt
reading manifest file '../../build/py_gpsnode/py_gpsnode.egg-info/SOURCES.txt'
writing manifest file '../../build/py_gpsnode/py_gpsnode.egg-info/SOURCES.txt'
running build
running build_py
copying py_gpsnode/demo_node.py -> /home/owenb/workareas/CAVREL/gps-node/build/py_gpsnode/build/lib/py_gpsnode
copying py_gpsnode/publisher_member_function.py -> /home/owenb/workareas/CAVREL/gps-node/build/py_gpsnode/build/lib/py_gpsnode
running install
running install_lib
copying /home/owenb/workareas/CAVREL/gps-node/build/py_gpsnode/build/lib/py_gpsnode/demo_node.py -> /home/owenb/workareas/CAVREL/gps-node/install/py_gpsnode/lib/python3.8/site-packages/py_gpsnode
copying /home/owenb/workareas/CAVREL/gps-node/build/py_gpsnode/build/lib/py_gpsnode/publisher_member_function.py -> /home/owenb/workareas/CAVREL/gps-node/install/py_gpsnode/lib/python3.8/site-packages/py_gpsnode
byte-compiling /home/owenb/workareas/CAVREL/gps-node/install/py_gpsnode/lib/python3.8/site-packages/py_gpsnode/demo_node.py to demo_node.cpython-38.pyc
byte-compiling /home/owenb/workareas/CAVREL/gps-node/install/py_gpsnode/lib/python3.8/site-packages/py_gpsnode/publisher_member_function.py to publisher_member_function.cpython-38.pyc
running install_data
running install_egg_info
removing '/home/owenb/workareas/CAVREL/gps-node/install/py_gpsnode/lib/python3.8/site-packages/py_gpsnode-0.0.0-py3.8.egg-info' (and everything under it)
Copying ../../build/py_gpsnode/py_gpsnode.egg-info to /home/owenb/workareas/CAVREL/gps-node/install/py_gpsnode/lib/python3.8/site-packages/py_gpsnode-0.0.0-py3.8.egg-info
running install_scripts
Installing demo script to /home/owenb/workareas/CAVREL/gps-node/install/py_gpsnode/lib/py_gpsnode
Installing talker script to /home/owenb/workareas/CAVREL/gps-node/install/py_gpsnode/lib/py_gpsnode
writing list of installed files to '/home/owenb/workareas/CAVREL/gps-node/build/py_gpsnode/install.log'
