running egg_info
creating ../../build/py_gpsnode/py_gpsnode.egg-info
writing ../../build/py_gpsnode/py_gpsnode.egg-info/PKG-INFO
writing dependency_links to ../../build/py_gpsnode/py_gpsnode.egg-info/dependency_links.txt
writing entry points to ../../build/py_gpsnode/py_gpsnode.egg-info/entry_points.txt
writing requirements to ../../build/py_gpsnode/py_gpsnode.egg-info/requires.txt
writing top-level names to ../../build/py_gpsnode/py_gpsnode.egg-info/top_level.txt
writing manifest file '../../build/py_gpsnode/py_gpsnode.egg-info/SOURCES.txt'
reading manifest file '../../build/py_gpsnode/py_gpsnode.egg-info/SOURCES.txt'
writing manifest file '../../build/py_gpsnode/py_gpsnode.egg-info/SOURCES.txt'
running build
running build_py
creating /home/owenb/workareas/CAVREL/gps-node/build/py_gpsnode/build
creating /home/owenb/workareas/CAVREL/gps-node/build/py_gpsnode/build/lib
creating /home/owenb/workareas/CAVREL/gps-node/build/py_gpsnode/build/lib/py_gpsnode
copying py_gpsnode/publisher_member_function.py -> /home/owenb/workareas/CAVREL/gps-node/build/py_gpsnode/build/lib/py_gpsnode
copying py_gpsnode/__init__.py -> /home/owenb/workareas/CAVREL/gps-node/build/py_gpsnode/build/lib/py_gpsnode
running install
running install_lib
creating /home/owenb/workareas/CAVREL/gps-node/install/py_gpsnode/lib/python3.8/site-packages/py_gpsnode
copying /home/owenb/workareas/CAVREL/gps-node/build/py_gpsnode/build/lib/py_gpsnode/publisher_member_function.py -> /home/owenb/workareas/CAVREL/gps-node/install/py_gpsnode/lib/python3.8/site-packages/py_gpsnode
copying /home/owenb/workareas/CAVREL/gps-node/build/py_gpsnode/build/lib/py_gpsnode/__init__.py -> /home/owenb/workareas/CAVREL/gps-node/install/py_gpsnode/lib/python3.8/site-packages/py_gpsnode
byte-compiling /home/owenb/workareas/CAVREL/gps-node/install/py_gpsnode/lib/python3.8/site-packages/py_gpsnode/publisher_member_function.py to publisher_member_function.cpython-38.pyc
byte-compiling /home/owenb/workareas/CAVREL/gps-node/install/py_gpsnode/lib/python3.8/site-packages/py_gpsnode/__init__.py to __init__.cpython-38.pyc
running install_data
creating /home/owenb/workareas/CAVREL/gps-node/install/py_gpsnode/share/ament_index
creating /home/owenb/workareas/CAVREL/gps-node/install/py_gpsnode/share/ament_index/resource_index
creating /home/owenb/workareas/CAVREL/gps-node/install/py_gpsnode/share/ament_index/resource_index/packages
copying resource/py_gpsnode -> /home/owenb/workareas/CAVREL/gps-node/install/py_gpsnode/share/ament_index/resource_index/packages
copying package.xml -> /home/owenb/workareas/CAVREL/gps-node/install/py_gpsnode/share/py_gpsnode
running install_egg_info
Copying ../../build/py_gpsnode/py_gpsnode.egg-info to /home/owenb/workareas/CAVREL/gps-node/install/py_gpsnode/lib/python3.8/site-packages/py_gpsnode-0.0.0-py3.8.egg-info
running install_scripts
Installing talker script to /home/owenb/workareas/CAVREL/gps-node/install/py_gpsnode/lib/py_gpsnode
writing list of installed files to '/home/owenb/workareas/CAVREL/gps-node/build/py_gpsnode/install.log'
