[0.910s] Invoking command in '/home/owenb/workareas/CAVREL/gps-node/src/py_gpsnode': PYTHONPATH=/home/owenb/workareas/CAVREL/gps-node/build/py_gpsnode/prefix_override:/home/owenb/workareas/CAVREL/gps-node/install/py_gpsnode/lib/python3.8/site-packages:${PYTHONPATH} /usr/bin/python3 setup.py egg_info --egg-base ../../build/py_gpsnode build --build-base /home/owenb/workareas/CAVREL/gps-node/build/py_gpsnode/build install --record /home/owenb/workareas/CAVREL/gps-node/build/py_gpsnode/install.log --install-scripts $base/lib/py_gpsnode --single-version-externally-managed
[1.188s] running egg_info
[1.197s] writing ../../build/py_gpsnode/py_gpsnode.egg-info/PKG-INFO
[1.197s] writing dependency_links to ../../build/py_gpsnode/py_gpsnode.egg-info/dependency_links.txt
[1.197s] writing entry points to ../../build/py_gpsnode/py_gpsnode.egg-info/entry_points.txt
[1.197s] writing requirements to ../../build/py_gpsnode/py_gpsnode.egg-info/requires.txt
[1.197s] writing top-level names to ../../build/py_gpsnode/py_gpsnode.egg-info/top_level.txt
[1.226s] reading manifest file '../../build/py_gpsnode/py_gpsnode.egg-info/SOURCES.txt'
[1.226s] writing manifest file '../../build/py_gpsnode/py_gpsnode.egg-info/SOURCES.txt'
[1.227s] running build
[1.227s] running build_py
[1.227s] copying py_gpsnode/publisher_member_function.py -> /home/owenb/workareas/CAVREL/gps-node/build/py_gpsnode/build/lib/py_gpsnode
[1.227s] running install
[1.228s] running install_lib
[1.229s] copying /home/owenb/workareas/CAVREL/gps-node/build/py_gpsnode/build/lib/py_gpsnode/publisher_member_function.py -> /home/owenb/workareas/CAVREL/gps-node/install/py_gpsnode/lib/python3.8/site-packages/py_gpsnode
[1.229s] byte-compiling /home/owenb/workareas/CAVREL/gps-node/install/py_gpsnode/lib/python3.8/site-packages/py_gpsnode/publisher_member_function.py to publisher_member_function.cpython-38.pyc
[1.230s] running install_data
[1.231s] running install_egg_info
[1.233s] removing '/home/owenb/workareas/CAVREL/gps-node/install/py_gpsnode/lib/python3.8/site-packages/py_gpsnode-0.0.0-py3.8.egg-info' (and everything under it)
[1.233s] Copying ../../build/py_gpsnode/py_gpsnode.egg-info to /home/owenb/workareas/CAVREL/gps-node/install/py_gpsnode/lib/python3.8/site-packages/py_gpsnode-0.0.0-py3.8.egg-info
[1.234s] running install_scripts
[1.248s] Installing demo script to /home/owenb/workareas/CAVREL/gps-node/install/py_gpsnode/lib/py_gpsnode
[1.248s] Installing talker script to /home/owenb/workareas/CAVREL/gps-node/install/py_gpsnode/lib/py_gpsnode
[1.248s] writing list of installed files to '/home/owenb/workareas/CAVREL/gps-node/build/py_gpsnode/install.log'
[1.267s] Invoked command in '/home/owenb/workareas/CAVREL/gps-node/src/py_gpsnode' returned '0': PYTHONPATH=/home/owenb/workareas/CAVREL/gps-node/build/py_gpsnode/prefix_override:/home/owenb/workareas/CAVREL/gps-node/install/py_gpsnode/lib/python3.8/site-packages:${PYTHONPATH} /usr/bin/python3 setup.py egg_info --egg-base ../../build/py_gpsnode build --build-base /home/owenb/workareas/CAVREL/gps-node/build/py_gpsnode/build install --record /home/owenb/workareas/CAVREL/gps-node/build/py_gpsnode/install.log --install-scripts $base/lib/py_gpsnode --single-version-externally-managed
